build/outputs/logs/manifest-merger-debug-report.txt
-- Merging decision tree log ---
manifest
ADDED from AndroidManifest.xml:2:1
	xmlns:android
		ADDED from AndroidManifest.xml:2:11
	package
		ADDED from AndroidManifest.xml:3:5
		INJECTED from AndroidManifest.xml:0:0
		INJECTED from AndroidManifest.xml:0:0
	android:versionName
		ADDED from AndroidManifest.xml:6:5
	android:versionCode
		ADDED from AndroidManifest.xml:5:5
		INJECTED from AndroidManifest.xml:0:0
		INJECTED from AndroidManifest.xml:0:0
	android:installLocation
		ADDED from AndroidManifest.xml:4:5
uses-sdk
ADDED from AndroidManifest.xml:10:5
	android:targetSdkVersion
		ADDED from AndroidManifest.xml:12:9
		INJECTED from AndroidManifest.xml:0:0
		INJECTED from AndroidManifest.xml:0:0
	android:minSdkVersion
		ADDED from AndroidManifest.xml:11:9
		INJECTED from AndroidManifest.xml:0:0
		INJECTED from AndroidManifest.xml:0:0
supports-screens
ADDED from AndroidManifest.xml:15:5
	android:largeScreens
		ADDED from AndroidManifest.xml:17:9
	android:anyDensity
		ADDED from AndroidManifest.xml:16:9
	android:normalScreens
		ADDED from AndroidManifest.xml:18:9
	android:xlargeScreens
		ADDED from AndroidManifest.xml:20:9
	android:smallScreens
		ADDED from AndroidManifest.xml:19:9
uses-permission#android.permission.INTERNET
ADDED from AndroidManifest.xml:25:5
	android:name
		ADDED from AndroidManifest.xml:25:22
uses-permission#android.permission.ACCESS_NETWORK_STATE
ADDED from AndroidManifest.xml:27:5
	android:name
		ADDED from AndroidManifest.xml:27:22
uses-permission#android.permission.WAKE_LOCK
ADDED from AndroidManifest.xml:28:5
	android:name
		ADDED from AndroidManifest.xml:28:22
uses-permission#android.permission.BLUETOOTH
ADDED from AndroidManifest.xml:30:5
	android:name
		ADDED from AndroidManifest.xml:30:22
uses-permission#android.permission.BLUETOOTH_ADMIN
ADDED from AndroidManifest.xml:32:5
	android:name
		ADDED from AndroidManifest.xml:32:22
uses-permission#android.permission.BROADCAST_STICKY
ADDED from AndroidManifest.xml:33:5
	android:name
		ADDED from AndroidManifest.xml:33:22
uses-permission#android.permission.MODIFY_AUDIO_SETTINGS
ADDED from AndroidManifest.xml:35:5
	android:name
		ADDED from AndroidManifest.xml:35:22
uses-permission#android.permission.RECORD_AUDIO
ADDED from AndroidManifest.xml:44:5
	android:name
		ADDED from AndroidManifest.xml:44:22
uses-permission#android.permission.READ_EXTERNAL_STORAGE
ADDED from AndroidManifest.xml:46:5
	android:name
		ADDED from AndroidManifest.xml:46:22
uses-feature#android.hardware.bluetooth
ADDED from AndroidManifest.xml:52:5
	android:required
		ADDED from AndroidManifest.xml:54:9
	android:name
		ADDED from AndroidManifest.xml:53:9
uses-feature#android.hardware.microphone
ADDED from AndroidManifest.xml:59:5
	android:required
		ADDED from AndroidManifest.xml:61:9
	android:name
		ADDED from AndroidManifest.xml:60:9
uses-feature#android.hardware.touchscreen
ADDED from AndroidManifest.xml:62:5
	android:required
		ADDED from AndroidManifest.xml:64:9
	android:name
		ADDED from AndroidManifest.xml:63:9
uses-feature#android.hardware.faketouch
ADDED from AndroidManifest.xml:65:5
	android:required
		ADDED from AndroidManifest.xml:67:9
	android:name
		ADDED from AndroidManifest.xml:66:9
uses-feature#android.software.leanback
ADDED from AndroidManifest.xml:68:5
	android:required
		ADDED from AndroidManifest.xml:70:9
	android:name
		ADDED from AndroidManifest.xml:69:9
application
ADDED from AndroidManifest.xml:72:5
	android:supportsRtl
		ADDED from AndroidManifest.xml:78:9
	android:label
		ADDED from AndroidManifest.xml:77:9
	android:allowBackup
		ADDED from AndroidManifest.xml:73:9
	android:icon
		ADDED from AndroidManifest.xml:76:9
	android:theme
		ADDED from AndroidManifest.xml:79:9
	android:description
		ADDED from AndroidManifest.xml:75:9
	android:allowClearUserData
		ADDED from AndroidManifest.xml:74:9
activity#br.com.carlosrafaelgn.fplay.MainMenu
ADDED from AndroidManifest.xml:81:9
	android:screenOrientation
		ADDED from AndroidManifest.xml:87:13
	android:label
		ADDED from AndroidManifest.xml:84:13
	android:configChanges
		ADDED from AndroidManifest.xml:83:13
	android:multiprocess
		ADDED from AndroidManifest.xml:86:13
	android:theme
		ADDED from AndroidManifest.xml:89:13
	android:stateNotNeeded
		ADDED from AndroidManifest.xml:88:13
	android:clearTaskOnLaunch
		ADDED from AndroidManifest.xml:82:13
	android:name
		ADDED from AndroidManifest.xml:81:19
	android:launchMode
		ADDED from AndroidManifest.xml:85:13
intent-filter#android.intent.action.MAIN+android.intent.category.LAUNCHER
ADDED from AndroidManifest.xml:90:9
action#android.intent.action.MAIN
ADDED from AndroidManifest.xml:91:13
	android:name
		ADDED from AndroidManifest.xml:91:21
category#android.intent.category.LAUNCHER
ADDED from AndroidManifest.xml:92:13
	android:name
		ADDED from AndroidManifest.xml:92:23
intent-filter#android.intent.action.VIEW+android.intent.category.DEFAULT
ADDED from AndroidManifest.xml:99:9
	android:label
		ADDED from AndroidManifest.xml:101:13
	android:priority
		ADDED from AndroidManifest.xml:102:13
	android:icon
		ADDED from AndroidManifest.xml:100:13
action#android.intent.action.VIEW
ADDED from AndroidManifest.xml:103:13
	android:name
		ADDED from AndroidManifest.xml:103:21
category#android.intent.category.DEFAULT
ADDED from AndroidManifest.xml:104:13
	android:name
		ADDED from AndroidManifest.xml:104:23
data
ADDED from AndroidManifest.xml:105:13
	android:mimeType
		ADDED from AndroidManifest.xml:105:58
	android:host
		ADDED from AndroidManifest.xml:105:41
	android:scheme
		ADDED from AndroidManifest.xml:105:19
intent-filter#android.intent.action.MAIN+android.intent.category.LEANBACK_LAUNCHER
ADDED from AndroidManifest.xml:188:9
category#android.intent.category.LEANBACK_LAUNCHER
ADDED from AndroidManifest.xml:190:13
	android:name
		ADDED from AndroidManifest.xml:190:23
activity#br.com.carlosrafaelgn.fplay.activity.ActivityHost
ADDED from AndroidManifest.xml:195:9
	android:screenOrientation
		ADDED from AndroidManifest.xml:202:13
	android:label
		ADDED from AndroidManifest.xml:199:13
	android:configChanges
		ADDED from AndroidManifest.xml:198:13
	android:multiprocess
		ADDED from AndroidManifest.xml:201:13
	android:theme
		ADDED from AndroidManifest.xml:204:13
	android:stateNotNeeded
		ADDED from AndroidManifest.xml:203:13
	android:clearTaskOnLaunch
		ADDED from AndroidManifest.xml:197:13
	android:name
		ADDED from AndroidManifest.xml:196:13
	android:launchMode
		ADDED from AndroidManifest.xml:200:13
activity#br.com.carlosrafaelgn.fplay.activity.ActivityVisualizer
ADDED from AndroidManifest.xml:206:9
	android:screenOrientation
		ADDED from AndroidManifest.xml:213:13
	android:label
		ADDED from AndroidManifest.xml:210:13
	android:configChanges
		ADDED from AndroidManifest.xml:208:13
	android:multiprocess
		ADDED from AndroidManifest.xml:211:13
	android:theme
		ADDED from AndroidManifest.xml:215:13
	android:hardwareAccelerated
		ADDED from AndroidManifest.xml:209:13
	android:stateNotNeeded
		ADDED from AndroidManifest.xml:214:13
	android:parentActivityName
		ADDED from AndroidManifest.xml:212:13
	android:name
		ADDED from AndroidManifest.xml:207:13
meta-data#android.support.PARENT_ACTIVITY
ADDED from AndroidManifest.xml:216:13
	android:name
		ADDED from AndroidManifest.xml:217:17
	android:value
		ADDED from AndroidManifest.xml:218:17
service#br.com.carlosrafaelgn.fplay.playback.Player
ADDED from AndroidManifest.xml:221:9
	android:label
		ADDED from AndroidManifest.xml:225:13
	android:exported
		ADDED from AndroidManifest.xml:224:13
	android:stopWithTask
		ADDED from AndroidManifest.xml:226:13
	android:enabled
		ADDED from AndroidManifest.xml:223:13
	android:name
		ADDED from AndroidManifest.xml:222:13
receiver#br.com.carlosrafaelgn.fplay.WidgetMain
ADDED from AndroidManifest.xml:228:9
	android:label
		ADDED from AndroidManifest.xml:230:13
	android:name
		ADDED from AndroidManifest.xml:229:13
intent-filter#android.appwidget.action.APPWIDGET_UPDATE
ADDED from AndroidManifest.xml:231:13
action#android.appwidget.action.APPWIDGET_UPDATE
ADDED from AndroidManifest.xml:232:17
	android:name
		ADDED from AndroidManifest.xml:232:25
meta-data#android.appwidget.provider
ADDED from AndroidManifest.xml:235:13
	android:resource
		ADDED from AndroidManifest.xml:237:17
	android:name
		ADDED from AndroidManifest.xml:236:17
receiver#br.com.carlosrafaelgn.fplay.ExternalReceiver
ADDED from AndroidManifest.xml:239:9
	android:name
		ADDED from AndroidManifest.xml:239:19
intent-filter#android.intent.action.MEDIA_BUTTON
ADDED from AndroidManifest.xml:240:13
action#android.intent.action.MEDIA_BUTTON
ADDED from AndroidManifest.xml:243:17
	android:name
		ADDED from AndroidManifest.xml:243:25